1630523151297	geckodriver	INFO	Listening on 127.0.0.1:41029
1630523156365	mozrunner::runner	INFO	Running command: "/usr/bin/firefox" "--marionette" "-foreground" "-no-remote" "-profile" "/tmp/rust_mozprofile67esMR"
1630523157607	Marionette	INFO	Listening on port 38017
1630523157688	Marionette	WARN	TLS certificate errors will be ignored for this session
JavaScript error: resource://gre/modules/ExtensionCommon.jsm, line 2302: Error: primed listener not re-registered
JavaScript warning: https://thepiratebay.org/static/main.js, line 51: unreachable code after return statement
JavaScript warning: https://thepiratebay.org/static/main.js, line 51: unreachable code after return statement
JavaScript error: http://192.168.1.254/cgi-bin/home.ha, line 21: TypeError: antiClickjack is null
1630523185324	Marionette	INFO	Stopped listening on port 38017
1630523227096	geckodriver	INFO	Listening on 127.0.0.1:49871
1630523231003	mozrunner::runner	INFO	Running command: "/usr/bin/firefox" "--marionette" "-foreground" "-no-remote" "-profile" "/tmp/rust_mozprofilekl4TJn"
1630523232196	Marionette	INFO	Listening on port 38799
1630523232215	Marionette	WARN	TLS certificate errors will be ignored for this session
JavaScript error: resource://gre/modules/ExtensionCommon.jsm, line 2302: Error: primed listener not re-registered
JavaScript warning: https://thepiratebay.org/static/main.js, line 51: unreachable code after return statement
JavaScript warning: https://thepiratebay.org/static/main.js, line 51: unreachable code after return statement
JavaScript error: http://192.168.1.254/cgi-bin/home.ha, line 21: TypeError: antiClickjack is null
1630523246102	Marionette	INFO	Stopped listening on port 38799
1630523290336	geckodriver	INFO	Listening on 127.0.0.1:33667
1630523294217	mozrunner::runner	INFO	Running command: "/usr/bin/firefox" "--marionette" "-foreground" "-no-remote" "-profile" "/tmp/rust_mozprofilelsSPIO"
1630523295439	Marionette	INFO	Listening on port 44617
1630523295558	Marionette	WARN	TLS certificate errors will be ignored for this session
JavaScript error: resource://gre/modules/URIFixup.jsm, line 288: NS_ERROR_FAILURE: Should pass a non-null uri
JavaScript error: resource://gre/modules/ExtensionCommon.jsm, line 2302: Error: primed listener not re-registered
JavaScript warning: https://thepiratebay.org/static/main.js, line 51: unreachable code after return statement
JavaScript warning: https://thepiratebay.org/static/main.js, line 51: unreachable code after return statement
JavaScript error: http://192.168.1.254/cgi-bin/home.ha, line 21: TypeError: antiClickjack is null
1630523313338	Marionette	INFO	Stopped listening on port 44617
1630523383225	geckodriver	INFO	Listening on 127.0.0.1:45925
1630523387108	mozrunner::runner	INFO	Running command: "/usr/bin/firefox" "--marionette" "-foreground" "-no-remote" "-profile" "/tmp/rust_mozprofileEM79PK"
1630523388339	Marionette	INFO	Listening on port 33269
1630523388418	Marionette	WARN	TLS certificate errors will be ignored for this session
JavaScript error: resource://gre/modules/ExtensionCommon.jsm, line 2302: Error: primed listener not re-registered
JavaScript error: resource://gre/modules/ExtensionCommon.jsm, line 2302: Error: primed listener not re-registered
JavaScript warning: https://thepiratebay.org/static/main.js, line 51: unreachable code after return statement
JavaScript warning: https://thepiratebay.org/static/main.js, line 51: unreachable code after return statement
JavaScript error: http://192.168.1.254/cgi-bin/home.ha, line 21: TypeError: antiClickjack is null
1630523629841	Marionette	INFO	Stopped listening on port 33269
1630525007044	geckodriver	INFO	Listening on 127.0.0.1:58447
1630525010903	mozrunner::runner	INFO	Running command: "/usr/bin/firefox" "--marionette" "-foreground" "-no-remote" "-profile" "/tmp/rust_mozprofilenir1hC"
1630525012146	Marionette	INFO	Listening on port 45951
1630525012228	Marionette	WARN	TLS certificate errors will be ignored for this session
JavaScript error: resource://gre/modules/ExtensionCommon.jsm, line 2302: Error: primed listener not re-registered
JavaScript error: resource://gre/modules/ExtensionCommon.jsm, line 2302: Error: primed listener not re-registered
JavaScript warning: https://thepiratebay.org/static/main.js, line 51: unreachable code after return statement
JavaScript warning: https://thepiratebay.org/static/main.js, line 51: unreachable code after return statement
JavaScript error: http://192.168.1.254/cgi-bin/home.ha, line 21: TypeError: antiClickjack is null
1630525030945	Marionette	INFO	Stopped listening on port 45951
1630525329331	geckodriver	INFO	Listening on 127.0.0.1:39711
1630525333219	mozrunner::runner	INFO	Running command: "/usr/bin/firefox" "--marionette" "-foreground" "-no-remote" "-profile" "/tmp/rust_mozprofileqcLwNi"
1630525334460	Marionette	INFO	Listening on port 40461
1630525334575	Marionette	WARN	TLS certificate errors will be ignored for this session
JavaScript error: resource://gre/modules/ExtensionCommon.jsm, line 2302: Error: primed listener not re-registered
JavaScript error: resource://gre/modules/ExtensionCommon.jsm, line 2302: Error: primed listener not re-registered
JavaScript warning: https://thepiratebay.org/static/main.js, line 51: unreachable code after return statement
JavaScript warning: https://thepiratebay.org/static/main.js, line 51: unreachable code after return statement
JavaScript error: http://192.168.1.254/cgi-bin/home.ha, line 21: TypeError: antiClickjack is null
1630525389766	geckodriver	INFO	Listening on 127.0.0.1:58475
1630525393666	mozrunner::runner	INFO	Running command: "/usr/bin/firefox" "--marionette" "-foreground" "-no-remote" "-profile" "/tmp/rust_mozprofile0IyF1Y"
1630525394971	Marionette	INFO	Listening on port 46817
1630525395069	Marionette	WARN	TLS certificate errors will be ignored for this session
JavaScript error: resource://gre/modules/ExtensionCommon.jsm, line 2302: Error: primed listener not re-registered
JavaScript error: resource://gre/modules/ExtensionCommon.jsm, line 2302: Error: primed listener not re-registered
1630525396272	Marionette	INFO	Stopped listening on port 40461
JavaScript warning: https://thepiratebay.org/static/main.js, line 51: unreachable code after return statement
JavaScript warning: https://thepiratebay.org/static/main.js, line 51: unreachable code after return statement
JavaScript error: http://192.168.1.254/cgi-bin/home.ha, line 21: TypeError: antiClickjack is null
1630525453851	geckodriver	INFO	Listening on 127.0.0.1:40643
1630525457757	mozrunner::runner	INFO	Running command: "/usr/bin/firefox" "--marionette" "-foreground" "-no-remote" "-profile" "/tmp/rust_mozprofileTYvjvC"
1630525458936	Marionette	INFO	Listening on port 45227
1630525458983	Marionette	WARN	TLS certificate errors will be ignored for this session
JavaScript error: resource://gre/modules/URIFixup.jsm, line 288: NS_ERROR_FAILURE: Should pass a non-null uri
JavaScript error: resource://gre/modules/ExtensionCommon.jsm, line 2302: Error: primed listener not re-registered
JavaScript error: resource://gre/modules/ExtensionCommon.jsm, line 2302: Error: primed listener not re-registered
JavaScript error: resource://gre/modules/ExtensionCommon.jsm, line 2302: Error: primed listener not re-registered
JavaScript error: resource://gre/modules/ExtensionCommon.jsm, line 2302: Error: primed listener not re-registered
JavaScript warning: https://thepiratebay.org/static/main.js, line 51: unreachable code after return statement
JavaScript warning: https://thepiratebay.org/static/main.js, line 51: unreachable code after return statement
1630525464742	Marionette	INFO	Stopped listening on port 46817
JavaScript error: http://192.168.1.254/cgi-bin/home.ha, line 21: TypeError: antiClickjack is null
1630525500735	Marionette	INFO	Stopped listening on port 45227
1630525649975	geckodriver	INFO	Listening on 127.0.0.1:35771
1630525653891	mozrunner::runner	INFO	Running command: "/usr/bin/firefox" "--marionette" "-foreground" "-no-remote" "-profile" "/tmp/rust_mozprofilemkn5kd"
1630525655249	Marionette	INFO	Listening on port 40937
JavaScript error: resource://gre/modules/ExtensionCommon.jsm, line 2302: Error: primed listener not re-registered
1630525655323	Marionette	WARN	TLS certificate errors will be ignored for this session
JavaScript error: resource://gre/modules/ExtensionCommon.jsm, line 2302: Error: primed listener not re-registered
JavaScript error: resource://gre/modules/ExtensionCommon.jsm, line 2302: Error: primed listener not re-registered
JavaScript warning: https://thepiratebay.org/static/main.js, line 51: unreachable code after return statement
JavaScript warning: https://thepiratebay.org/static/main.js, line 51: unreachable code after return statement
JavaScript error: http://192.168.1.254/cgi-bin/home.ha, line 21: TypeError: antiClickjack is null
1630525669311	Marionette	INFO	Stopped listening on port 40937
1630526660873	geckodriver	INFO	Listening on 127.0.0.1:40163
1630526664754	mozrunner::runner	INFO	Running command: "/usr/bin/firefox" "--marionette" "-foreground" "-no-remote" "-profile" "/tmp/rust_mozprofileBvTM0C"
1630526665997	Marionette	INFO	Listening on port 39271
1630526666075	Marionette	WARN	TLS certificate errors will be ignored for this session
JavaScript error: resource://gre/modules/ExtensionCommon.jsm, line 2302: Error: primed listener not re-registered
JavaScript error: resource://gre/modules/ExtensionCommon.jsm, line 2302: Error: primed listener not re-registered
JavaScript warning: https://thepiratebay.org/static/main.js, line 51: unreachable code after return statement
JavaScript warning: https://thepiratebay.org/static/main.js, line 51: unreachable code after return statement
JavaScript error: http://192.168.1.254/cgi-bin/home.ha, line 21: TypeError: antiClickjack is null
1630526705172	Marionette	INFO	Stopped listening on port 39271
1630526710064	geckodriver	INFO	Listening on 127.0.0.1:51879
1630526713965	mozrunner::runner	INFO	Running command: "/usr/bin/firefox" "--marionette" "-foreground" "-no-remote" "-profile" "/tmp/rust_mozprofilePEcKO2"
1630526715235	Marionette	INFO	Listening on port 39701
1630526715269	Marionette	WARN	TLS certificate errors will be ignored for this session
JavaScript error: resource://gre/modules/URIFixup.jsm, line 288: NS_ERROR_FAILURE: Should pass a non-null uri
JavaScript error: resource://gre/modules/ExtensionCommon.jsm, line 2302: Error: primed listener not re-registered
JavaScript error: resource://gre/modules/ExtensionCommon.jsm, line 2302: Error: primed listener not re-registered
JavaScript warning: https://thepiratebay.org/static/main.js, line 51: unreachable code after return statement
JavaScript warning: https://thepiratebay.org/static/main.js, line 51: unreachable code after return statement
JavaScript error: http://192.168.1.254/cgi-bin/home.ha, line 21: TypeError: antiClickjack is null
1630526815839	Marionette	INFO	Stopped listening on port 39701
1630526818493	geckodriver	INFO	Listening on 127.0.0.1:34583
1630526822382	mozrunner::runner	INFO	Running command: "/usr/bin/firefox" "--marionette" "-foreground" "-no-remote" "-profile" "/tmp/rust_mozprofile4f9iyv"
1630526823634	Marionette	INFO	Listening on port 38247
1630526823722	Marionette	WARN	TLS certificate errors will be ignored for this session
JavaScript error: resource://gre/modules/ExtensionCommon.jsm, line 2302: Error: primed listener not re-registered
JavaScript error: resource://gre/modules/ExtensionCommon.jsm, line 2302: Error: primed listener not re-registered
JavaScript warning: https://thepiratebay.org/static/main.js, line 51: unreachable code after return statement
JavaScript warning: https://thepiratebay.org/static/main.js, line 51: unreachable code after return statement
JavaScript error: http://192.168.1.254/cgi-bin/home.ha, line 21: TypeError: antiClickjack is null
1630526856718	geckodriver	INFO	Listening on 127.0.0.1:46425
1630526860643	mozrunner::runner	INFO	Running command: "/usr/bin/firefox" "--marionette" "-foreground" "-no-remote" "-profile" "/tmp/rust_mozprofile32XzI4"
1630526861803	Marionette	INFO	Listening on port 37625
1630526861874	Marionette	WARN	TLS certificate errors will be ignored for this session
JavaScript error: resource://gre/modules/URIFixup.jsm, line 288: NS_ERROR_FAILURE: Should pass a non-null uri
JavaScript warning: https://thepiratebay.org/static/main.js, line 51: unreachable code after return statement
JavaScript warning: https://thepiratebay.org/static/main.js, line 51: unreachable code after return statement
1630526867347	Marionette	INFO	Stopped listening on port 38247
JavaScript error: http://192.168.1.254/cgi-bin/home.ha, line 21: TypeError: antiClickjack is null
1630526978981	Marionette	INFO	Stopped listening on port 37625
1630526985419	geckodriver	INFO	Listening on 127.0.0.1:40147
1630526989289	mozrunner::runner	INFO	Running command: "/usr/bin/firefox" "--marionette" "-foreground" "-no-remote" "-profile" "/tmp/rust_mozprofileZrO03I"
1630526990544	Marionette	INFO	Listening on port 43789
1630526990628	Marionette	WARN	TLS certificate errors will be ignored for this session
JavaScript error: resource://gre/modules/ExtensionCommon.jsm, line 2302: Error: primed listener not re-registered
JavaScript warning: https://thepiratebay.org/static/main.js, line 51: unreachable code after return statement
JavaScript warning: https://thepiratebay.org/static/main.js, line 51: unreachable code after return statement
JavaScript error: http://192.168.1.254/cgi-bin/home.ha, line 21: TypeError: antiClickjack is null
1630527053060	Marionette	INFO	Stopped listening on port 43789
1630527185312	geckodriver	INFO	Listening on 127.0.0.1:38273
1630527189227	mozrunner::runner	INFO	Running command: "/usr/bin/firefox" "--marionette" "-foreground" "-no-remote" "-profile" "/tmp/rust_mozprofilebZHSCB"
1630527190463	Marionette	INFO	Listening on port 42731
1630527190535	Marionette	WARN	TLS certificate errors will be ignored for this session
JavaScript error: resource://gre/modules/ExtensionCommon.jsm, line 2302: Error: primed listener not re-registered
JavaScript error: resource://gre/modules/ExtensionCommon.jsm, line 2302: Error: primed listener not re-registered
JavaScript warning: https://thepiratebay.org/static/main.js, line 51: unreachable code after return statement
JavaScript warning: https://thepiratebay.org/static/main.js, line 51: unreachable code after return statement
JavaScript error: http://192.168.1.254/cgi-bin/home.ha, line 21: TypeError: antiClickjack is null
1630527513760	Marionette	INFO	Stopped listening on port 42731
1630527571145	geckodriver	INFO	Listening on 127.0.0.1:52067
1630527571151	mozrunner::runner	INFO	Running command: "/usr/bin/firefox" "--marionette" "-foreground" "-no-remote" "-profile" "/tmp/rust_mozprofileUoJULp"
1630527572205	Marionette	INFO	Listening on port 39913
1630527572254	Marionette	WARN	TLS certificate errors will be ignored for this session
JavaScript error: resource://gre/actors/AutoCompleteChild.jsm, line 208: Error: Invalid autocomplete selectedIndex
1630527614322	Marionette	INFO	Stopped listening on port 39913
1630527616753	geckodriver	INFO	Listening on 127.0.0.1:51409
1630527620639	mozrunner::runner	INFO	Running command: "/usr/bin/firefox" "--marionette" "-foreground" "-no-remote" "-profile" "/tmp/rust_mozprofileXPI4BN"
1630527621875	Marionette	INFO	Listening on port 39669
1630527621956	Marionette	WARN	TLS certificate errors will be ignored for this session
JavaScript warning: https://thepiratebay.org/static/main.js, line 51: unreachable code after return statement
JavaScript warning: https://thepiratebay.org/static/main.js, line 51: unreachable code after return statement
JavaScript error: http://192.168.1.254/cgi-bin/home.ha, line 21: TypeError: antiClickjack is null
WARNING: content window passed to PrivateBrowsingUtils.isWindowPrivate. Use isContentWindowPrivate instead (but only for frame scripts).
pbu_isWindowPrivate@resource://gre/modules/PrivateBrowsingUtils.jsm:27:11
isBrowserPrivate@resource://gre/modules/PrivateBrowsingUtils.jsm:47:19
loadURI@resource://gre/modules/RemoteWebNavigation.jsm:70:51
loadURI/<@chrome://global/content/elements/browser-custom-element.js:917:28
_wrapURIChangeCall@chrome://global/content/elements/browser-custom-element.js:856:9
loadURI@chrome://global/content/elements/browser-custom-element.js:916:12
render/<@chrome://mozapps/content/extensions/aboutaddons.js:2348:15
render@chrome://mozapps/content/extensions/aboutaddons.js:2307:11
1630527857349	Marionette	INFO	Stopped listening on port 39669
1630527987277	geckodriver	INFO	Listening on 127.0.0.1:52291
1630527991189	mozrunner::runner	INFO	Running command: "/usr/bin/firefox" "--marionette" "-foreground" "-no-remote" "-profile" "/tmp/rust_mozprofileVXZV3x"
1630527992456	Marionette	INFO	Listening on port 46077
1630527992533	Marionette	WARN	TLS certificate errors will be ignored for this session
JavaScript warning: https://thepiratebay.org/static/main.js, line 51: unreachable code after return statement
JavaScript warning: https://thepiratebay.org/static/main.js, line 51: unreachable code after return statement
JavaScript error: http://192.168.1.254/cgi-bin/home.ha, line 21: TypeError: antiClickjack is null
1630528109148	geckodriver	INFO	Listening on 127.0.0.1:33271
1630528113057	mozrunner::runner	INFO	Running command: "/usr/bin/firefox" "--marionette" "-foreground" "-no-remote" "-profile" "/tmp/rust_mozprofileLO7Frs"
1630528114297	Marionette	INFO	Listening on port 35617
1630528114382	Marionette	WARN	TLS certificate errors will be ignored for this session
JavaScript error: resource://gre/modules/ExtensionCommon.jsm, line 2302: Error: primed listener not re-registered
JavaScript error: resource://gre/modules/ExtensionCommon.jsm, line 2302: Error: primed listener not re-registered
JavaScript warning: https://thepiratebay.org/static/main.js, line 51: unreachable code after return statement
JavaScript warning: https://thepiratebay.org/static/main.js, line 51: unreachable code after return statement
JavaScript error: http://192.168.1.254/cgi-bin/home.ha, line 21: TypeError: antiClickjack is null
1630528144222	geckodriver	INFO	Listening on 127.0.0.1:50931
1630528148103	mozrunner::runner	INFO	Running command: "/usr/bin/firefox" "--marionette" "-foreground" "-no-remote" "-profile" "/tmp/rust_mozprofilei9AIoU"
1630528148924	Marionette	INFO	Stopped listening on port 35617
1630528149325	Marionette	INFO	Listening on port 40287
1630528149408	Marionette	WARN	TLS certificate errors will be ignored for this session
JavaScript error: resource://gre/modules/ExtensionCommon.jsm, line 2302: Error: primed listener not re-registered
JavaScript error: resource://gre/modules/ExtensionCommon.jsm, line 2302: Error: primed listener not re-registered
JavaScript warning: https://thepiratebay.org/static/main.js, line 51: unreachable code after return statement
JavaScript warning: https://thepiratebay.org/static/main.js, line 51: unreachable code after return statement
Failed to create /tmp/Temp-f08da946-47e1-49a4-8107-86020b39f6ff for shader cache (Permission denied)---disabling.
JavaScript error: http://192.168.1.254/cgi-bin/home.ha, line 21: TypeError: antiClickjack is null
1630528286153	geckodriver	INFO	Listening on 127.0.0.1:54279
1630528288661	Marionette	INFO	Stopped listening on port 40287
1630528290065	mozrunner::runner	INFO	Running command: "/usr/bin/firefox" "--marionette" "-foreground" "-no-remote" "-profile" "/tmp/rust_mozprofileTlV2y7"
1630528291271	Marionette	INFO	Listening on port 36825
1630528291368	Marionette	WARN	TLS certificate errors will be ignored for this session
JavaScript error: resource://gre/modules/ExtensionCommon.jsm, line 2302: Error: primed listener not re-registered
JavaScript error: resource://gre/modules/ExtensionCommon.jsm, line 2302: Error: primed listener not re-registered
JavaScript error: resource://gre/modules/ExtensionCommon.jsm, line 2302: Error: primed listener not re-registered
JavaScript warning: https://thepiratebay.org/static/main.js, line 51: unreachable code after return statement
JavaScript warning: https://thepiratebay.org/static/main.js, line 51: unreachable code after return statement
JavaScript error: http://192.168.1.254/cgi-bin/home.ha, line 21: TypeError: antiClickjack is null
1630528372798	geckodriver	INFO	Listening on 127.0.0.1:40093
1630528376103	Marionette	INFO	Stopped listening on port 36825
1630528376719	mozrunner::runner	INFO	Running command: "/usr/bin/firefox" "--marionette" "-foreground" "-no-remote" "-profile" "/tmp/rust_mozprofile4WQTTj"
1630528377955	Marionette	INFO	Listening on port 37767
1630528378040	Marionette	WARN	TLS certificate errors will be ignored for this session
JavaScript error: resource://gre/modules/ExtensionCommon.jsm, line 2302: Error: primed listener not re-registered
JavaScript error: resource://gre/modules/ExtensionCommon.jsm, line 2302: Error: primed listener not re-registered
JavaScript warning: https://thepiratebay.org/static/main.js, line 51: unreachable code after return statement
JavaScript warning: https://thepiratebay.org/static/main.js, line 51: unreachable code after return statement
JavaScript error: http://192.168.1.254/cgi-bin/home.ha, line 21: TypeError: antiClickjack is null
1630528447870	geckodriver	INFO	Listening on 127.0.0.1:48181
1630528451790	mozrunner::runner	INFO	Running command: "/usr/bin/firefox" "--marionette" "-foreground" "-no-remote" "-profile" "/tmp/rust_mozprofilecUlUHv"
1630528453057	Marionette	INFO	Listening on port 45751
1630528453127	Marionette	WARN	TLS certificate errors will be ignored for this session
JavaScript error: resource://gre/modules/ExtensionCommon.jsm, line 2302: Error: primed listener not re-registered
JavaScript warning: https://thepiratebay.org/static/main.js, line 51: unreachable code after return statement
JavaScript warning: https://thepiratebay.org/static/main.js, line 51: unreachable code after return statement
JavaScript error: http://192.168.1.254/cgi-bin/home.ha, line 21: TypeError: antiClickjack is null
1630528555156	geckodriver	INFO	Listening on 127.0.0.1:38389
1630528559017	mozrunner::runner	INFO	Running command: "/usr/bin/firefox" "--marionette" "-foreground" "-no-remote" "-profile" "/tmp/rust_mozprofilesy8HLV"
1630528560379	Marionette	INFO	Listening on port 46289
1630528560445	Marionette	WARN	TLS certificate errors will be ignored for this session
JavaScript error: resource://gre/modules/ExtensionCommon.jsm, line 2302: Error: primed listener not re-registered
JavaScript error: resource://gre/modules/ExtensionCommon.jsm, line 2302: Error: primed listener not re-registered
JavaScript warning: https://thepiratebay.org/static/main.js, line 51: unreachable code after return statement
JavaScript warning: https://thepiratebay.org/static/main.js, line 51: unreachable code after return statement
JavaScript error: http://192.168.1.254/cgi-bin/home.ha, line 21: TypeError: antiClickjack is null
1630528568910	Marionette	INFO	Stopped listening on port 37767
1630528616218	Marionette	INFO	Stopped listening on port 45751
1630528878920	geckodriver	INFO	Listening on 127.0.0.1:58405
1630528881804	Marionette	INFO	Stopped listening on port 46289
1630528882849	mozrunner::runner	INFO	Running command: "/usr/bin/firefox" "--marionette" "-foreground" "-no-remote" "-profile" "/tmp/rust_mozprofileCqSvYZ"
1630528884087	Marionette	INFO	Listening on port 43449
1630528884177	Marionette	WARN	TLS certificate errors will be ignored for this session
JavaScript error: resource://gre/modules/ExtensionCommon.jsm, line 2302: Error: primed listener not re-registered
JavaScript error: resource://gre/modules/ExtensionCommon.jsm, line 2302: Error: primed listener not re-registered
JavaScript warning: https://thepiratebay.org/static/main.js, line 51: unreachable code after return statement
JavaScript warning: https://thepiratebay.org/static/main.js, line 51: unreachable code after return statement
JavaScript error: http://192.168.1.254/cgi-bin/home.ha, line 21: TypeError: antiClickjack is null
1630529111890	geckodriver	INFO	Listening on 127.0.0.1:33591
1630529115813	mozrunner::runner	INFO	Running command: "/usr/bin/firefox" "--marionette" "-foreground" "-no-remote" "-profile" "/tmp/rust_mozprofilenevi7E"
1630529117025	Marionette	INFO	Listening on port 42601
1630529117117	Marionette	WARN	TLS certificate errors will be ignored for this session
JavaScript error: resource://gre/modules/ExtensionCommon.jsm, line 2302: Error: primed listener not re-registered
JavaScript error: resource://gre/modules/ExtensionCommon.jsm, line 2302: Error: primed listener not re-registered
JavaScript error: resource://gre/modules/ExtensionCommon.jsm, line 2302: Error: primed listener not re-registered
JavaScript error: resource://gre/modules/ExtensionCommon.jsm, line 2302: Error: primed listener not re-registered
JavaScript warning: https://thepiratebay.org/static/main.js, line 51: unreachable code after return statement
JavaScript warning: https://thepiratebay.org/static/main.js, line 51: unreachable code after return statement
1630529121157	Marionette	INFO	Stopped listening on port 43449
JavaScript error: http://192.168.1.254/cgi-bin/home.ha, line 21: TypeError: antiClickjack is null
1630529164915	geckodriver	INFO	Listening on 127.0.0.1:35249
1630529168811	mozrunner::runner	INFO	Running command: "/usr/bin/firefox" "--marionette" "-foreground" "-no-remote" "-profile" "/tmp/rust_mozprofile0najAw"
1630529170048	Marionette	INFO	Listening on port 40141
1630529170128	Marionette	WARN	TLS certificate errors will be ignored for this session
JavaScript error: resource://gre/modules/ExtensionCommon.jsm, line 2302: Error: primed listener not re-registered
JavaScript warning: https://thepiratebay.org/static/main.js, line 51: unreachable code after return statement
JavaScript warning: https://thepiratebay.org/static/main.js, line 51: unreachable code after return statement
JavaScript error: http://192.168.1.254/cgi-bin/home.ha, line 21: TypeError: antiClickjack is null
1630529191295	Marionette	INFO	Stopped listening on port 40141
1630529200653	Marionette	INFO	Stopped listening on port 42601
1630529232558	geckodriver	INFO	Listening on 127.0.0.1:40233
1630529236428	mozrunner::runner	INFO	Running command: "/usr/bin/firefox" "--marionette" "-foreground" "-no-remote" "-profile" "/tmp/rust_mozprofileXFIqy4"
1630529237737	Marionette	INFO	Listening on port 35145
1630529237831	Marionette	WARN	TLS certificate errors will be ignored for this session
JavaScript warning: https://thepiratebay.org/static/main.js, line 51: unreachable code after return statement
JavaScript warning: https://thepiratebay.org/static/main.js, line 51: unreachable code after return statement
JavaScript error: http://192.168.1.254/cgi-bin/home.ha, line 21: TypeError: antiClickjack is null
1630529938262	Marionette	INFO	Stopped listening on port 46077
1630529940034	Marionette	INFO	Stopped listening on port 35145
1630530660666	geckodriver	INFO	Listening on 127.0.0.1:46371
1630530664577	mozrunner::runner	INFO	Running command: "/usr/bin/firefox" "--marionette" "-foreground" "-no-remote" "-profile" "/tmp/rust_mozprofileG93x3I"
1630530665804	Marionette	INFO	Listening on port 38073
1630530665884	Marionette	WARN	TLS certificate errors will be ignored for this session
JavaScript error: resource://gre/modules/ExtensionCommon.jsm, line 2302: Error: primed listener not re-registered
JavaScript error: resource://gre/modules/ExtensionCommon.jsm, line 2302: Error: primed listener not re-registered
JavaScript warning: https://thepiratebay.org/static/main.js, line 51: unreachable code after return statement
JavaScript warning: https://thepiratebay.org/static/main.js, line 51: unreachable code after return statement
JavaScript error: http://192.168.1.254/cgi-bin/home.ha, line 21: TypeError: antiClickjack is null
1630530761288	geckodriver	INFO	Listening on 127.0.0.1:53229
1630530765218	mozrunner::runner	INFO	Running command: "/usr/bin/firefox" "--marionette" "-foreground" "-no-remote" "-profile" "/tmp/rust_mozprofile3W8UNE"
1630530766439	Marionette	INFO	Listening on port 40225
1630530766528	Marionette	WARN	TLS certificate errors will be ignored for this session
JavaScript error: resource://gre/modules/ExtensionCommon.jsm, line 2302: Error: primed listener not re-registered
JavaScript error: resource://gre/modules/ExtensionCommon.jsm, line 2302: Error: primed listener not re-registered
1630530767229	Marionette	INFO	Stopped listening on port 38073
JavaScript warning: https://thepiratebay.org/static/main.js, line 51: unreachable code after return statement
JavaScript warning: https://thepiratebay.org/static/main.js, line 51: unreachable code after return statement
JavaScript error: http://192.168.1.254/cgi-bin/home.ha, line 21: TypeError: antiClickjack is null
1630530867975	Marionette	INFO	Stopped listening on port 40225
1630578933588	geckodriver	INFO	Listening on 127.0.0.1:50589
1630578938459	mozrunner::runner	INFO	Running command: "/usr/bin/firefox" "--marionette" "-foreground" "-no-remote" "-profile" "/tmp/rust_mozprofileAVlADI"
1630578940060	Marionette	INFO	Listening on port 33065
1630578940065	Marionette	WARN	TLS certificate errors will be ignored for this session
JavaScript warning: https://thepiratebay.org/static/main.js, line 51: unreachable code after return statement
JavaScript warning: https://thepiratebay.org/static/main.js, line 51: unreachable code after return statement
JavaScript error: http://192.168.1.254/cgi-bin/home.ha, line 21: TypeError: antiClickjack is null
1630579014036	Marionette	INFO	Stopped listening on port 33065
1630665221610	geckodriver	INFO	Listening on 127.0.0.1:38585
1630665226359	mozrunner::runner	INFO	Running command: "/usr/bin/firefox" "--marionette" "-foreground" "-no-remote" "-profile" "/tmp/rust_mozprofileQ1UOPn"
1630665228044	Marionette	INFO	Listening on port 33843
1630665228088	Marionette	WARN	TLS certificate errors will be ignored for this session
JavaScript error: resource://gre/modules/ExtensionCommon.jsm, line 2302: Error: primed listener not re-registered
JavaScript error: resource://gre/modules/ExtensionCommon.jsm, line 2302: Error: primed listener not re-registered
JavaScript error: resource://gre/modules/URIFixup.jsm, line 288: NS_ERROR_FAILURE: Should pass a non-null uri
JavaScript error: resource://gre/modules/ExtensionCommon.jsm, line 2302: Error: primed listener not re-registered
JavaScript error: resource://gre/modules/ExtensionCommon.jsm, line 2302: Error: primed listener not re-registered
JavaScript warning: https://thepiratebay.org/static/main.js, line 51: unreachable code after return statement
JavaScript warning: https://thepiratebay.org/static/main.js, line 51: unreachable code after return statement
1630665817433	Marionette	INFO	Stopped listening on port 33843
1630665976020	geckodriver	INFO	Listening on 127.0.0.1:39435
1630665979813	mozrunner::runner	INFO	Running command: "/usr/bin/firefox" "--marionette" "-headless" "-foreground" "-no-remote" "-profile" "/tmp/rust_mozprofileYoIrHQ"
*** You are running in headless mode.
1630665981003	Marionette	INFO	Listening on port 44393
1630665981027	Marionette	WARN	TLS certificate errors will be ignored for this session
JavaScript error: resource://gre/modules/ExtensionCommon.jsm, line 2302: Error: primed listener not re-registered
JavaScript error: resource://gre/modules/ExtensionCommon.jsm, line 2302: Error: primed listener not re-registered
JavaScript warning: https://thepiratebay.org/static/main.js, line 51: unreachable code after return statement
JavaScript warning: https://thepiratebay.org/static/main.js, line 51: unreachable code after return statement
JavaScript warning: https://accounts.google.com/ServiceLogin?service=mail&passive=true&rm=false&continue=https://mail.google.com/mail/&ss=1&scc=1&ltmpl=default&ltmplcache=2&emr=1&osid=1# line 1 > eval line 6874 > eval line 1 > eval, line 1: WebGL warning: <Create>: Can't use WebGL in headless mode (https://bugzil.la/1375585).
JavaScript warning: https://accounts.google.com/ServiceLogin?service=mail&passive=true&rm=false&continue=https://mail.google.com/mail/&ss=1&scc=1&ltmpl=default&ltmplcache=2&emr=1&osid=1# line 1 > eval line 6874 > eval line 1 > eval, line 1: Failed to create WebGL context: WebGL creation failed: 
* Can't use WebGL in headless mode (https://bugzil.la/1375585).
Exiting due to channel error.
1630755749971	geckodriver	INFO	Listening on 127.0.0.1:58293
1630755754768	mozrunner::runner	INFO	Running command: "/usr/bin/firefox" "--marionette" "-headless" "-foreground" "-no-remote" "-profile" "/tmp/rust_mozprofileWu4sOA"
*** You are running in headless mode.
1630755756455	Marionette	INFO	Listening on port 33483
1630755756473	Marionette	WARN	TLS certificate errors will be ignored for this session
JavaScript error: resource://gre/modules/ExtensionCommon.jsm, line 2302: Error: primed listener not re-registered
JavaScript warning: https://thepiratebay.org/static/main.js, line 51: unreachable code after return statement
JavaScript warning: https://thepiratebay.org/static/main.js, line 51: unreachable code after return statement
JavaScript warning: https://c.adsco.re/, line 127: WebGL warning: <Create>: Can't use WebGL in headless mode (https://bugzil.la/1375585).
JavaScript warning: https://c.adsco.re/, line 127: Failed to create WebGL context: WebGL creation failed: 
* Can't use WebGL in headless mode (https://bugzil.la/1375585).
JavaScript warning: https://c.adsco.re/, line 127: WebGL warning: <Create>: Can't use WebGL in headless mode (https://bugzil.la/1375585).
JavaScript warning: https://c.adsco.re/, line 127: Failed to create WebGL context: WebGL creation failed: 
* Can't use WebGL in headless mode (https://bugzil.la/1375585).
JavaScript warning: https://c.adsco.re/, line 127: WebGL warning: <Create>: Can't use WebGL in headless mode (https://bugzil.la/1375585).
JavaScript warning: https://c.adsco.re/, line 127: Failed to create WebGL context: WebGL creation failed: 
* Can't use WebGL in headless mode (https://bugzil.la/1375585).
Exiting due to channel error.
Exiting due to channel error.
Exiting due to channel error.
1630840891594	geckodriver	INFO	Listening on 127.0.0.1:51907
1630840896403	mozrunner::runner	INFO	Running command: "/usr/bin/firefox" "--marionette" "-headless" "-foreground" "-no-remote" "-profile" "/tmp/rust_mozprofileD06dPd"
*** You are running in headless mode.
1630840898040	Marionette	INFO	Listening on port 33007
1630840898126	Marionette	WARN	TLS certificate errors will be ignored for this session
JavaScript warning: https://thepiratebay.org/static/main.js, line 51: unreachable code after return statement
JavaScript warning: https://thepiratebay.org/static/main.js, line 51: unreachable code after return statement
JavaScript warning: https://c.adsco.re/, line 127: WebGL warning: <Create>: Can't use WebGL in headless mode (https://bugzil.la/1375585).
JavaScript warning: https://c.adsco.re/, line 127: Failed to create WebGL context: WebGL creation failed: 
* Can't use WebGL in headless mode (https://bugzil.la/1375585).
JavaScript warning: https://c.adsco.re/, line 127: WebGL warning: <Create>: Can't use WebGL in headless mode (https://bugzil.la/1375585).
JavaScript warning: https://c.adsco.re/, line 127: Failed to create WebGL context: WebGL creation failed: 
* Can't use WebGL in headless mode (https://bugzil.la/1375585).
JavaScript warning: https://c.adsco.re/, line 127: WebGL warning: <Create>: Can't use WebGL in headless mode (https://bugzil.la/1375585).
JavaScript warning: https://c.adsco.re/, line 127: Failed to create WebGL context: WebGL creation failed: 
* Can't use WebGL in headless mode (https://bugzil.la/1375585).
Exiting due to channel error.
1630926944227	geckodriver	INFO	Listening on 127.0.0.1:36457
1630926949042	mozrunner::runner	INFO	Running command: "/usr/bin/firefox" "--marionette" "-headless" "-foreground" "-no-remote" "-profile" "/tmp/rust_mozprofileBqD6aG"
*** You are running in headless mode.
1630926950276	Marionette	INFO	Listening on port 36995
JavaScript error: resource://gre/modules/ExtensionCommon.jsm, line 2302: Error: primed listener not re-registered
1630926950352	Marionette	WARN	TLS certificate errors will be ignored for this session
JavaScript error: resource://gre/modules/ExtensionCommon.jsm, line 2302: Error: primed listener not re-registered
JavaScript warning: https://thepiratebay.org/static/main.js, line 51: unreachable code after return statement
JavaScript warning: https://thepiratebay.org/static/main.js, line 51: unreachable code after return statement
JavaScript warning: https://c.adsco.re/, line 127: WebGL warning: <Create>: Can't use WebGL in headless mode (https://bugzil.la/1375585).
JavaScript warning: https://c.adsco.re/, line 127: Failed to create WebGL context: WebGL creation failed: 
* Can't use WebGL in headless mode (https://bugzil.la/1375585).
JavaScript warning: https://c.adsco.re/, line 127: WebGL warning: <Create>: Can't use WebGL in headless mode (https://bugzil.la/1375585).
JavaScript warning: https://c.adsco.re/, line 127: Failed to create WebGL context: WebGL creation failed: 
* Can't use WebGL in headless mode (https://bugzil.la/1375585).
JavaScript warning: https://c.adsco.re/, line 127: WebGL warning: <Create>: Can't use WebGL in headless mode (https://bugzil.la/1375585).
JavaScript warning: https://c.adsco.re/, line 127: Failed to create WebGL context: WebGL creation failed: 
* Can't use WebGL in headless mode (https://bugzil.la/1375585).
Exiting due to channel error.
Exiting due to channel error.
Exiting due to channel error.
1631012663435	geckodriver	INFO	Listening on 127.0.0.1:33863
1631012668227	mozrunner::runner	INFO	Running command: "/usr/bin/firefox" "--marionette" "-headless" "-foreground" "-no-remote" "-profile" "/tmp/rust_mozprofilemXwn3o"
*** You are running in headless mode.
1631012669438	Marionette	INFO	Listening on port 40531
1631012669531	Marionette	WARN	TLS certificate errors will be ignored for this session
JavaScript warning: https://thepiratebay.org/static/main.js, line 51: unreachable code after return statement
JavaScript warning: https://thepiratebay.org/static/main.js, line 51: unreachable code after return statement
Exiting due to channel error.
Exiting due to channel error.
1631185165945	geckodriver	INFO	Listening on 127.0.0.1:34307
1631185167945	mozrunner::runner	INFO	Running command: "/usr/bin/firefox" "--marionette" "-foreground" "-no-remote" "-profile" "/tmp/rust_mozprofileXSNfEU"
JavaScript error: resource://gre/modules/ExtensionContent.jsm, line 567: TypeError: PrecompiledScript.executeInGlobal: Argument 1 is not an object.
JavaScript error: resource://gre/modules/ExtensionContent.jsm, line 567: TypeError: PrecompiledScript.executeInGlobal: Argument 1 is not an object.
JavaScript error: resource://gre/modules/ExtensionContent.jsm, line 567: TypeError: PrecompiledScript.executeInGlobal: Argument 1 is not an object.
JavaScript error: resource://gre/modules/ExtensionContent.jsm, line 567: TypeError: PrecompiledScript.executeInGlobal: Argument 1 is not an object.
1631185169607	Marionette	INFO	Listening on port 42979
1631185169672	Marionette	WARN	TLS certificate errors will be ignored for this session
JavaScript error: resource://gre/modules/ExtensionCommon.jsm, line 2302: Error: primed listener not re-registered
JavaScript error: resource://gre/modules/ExtensionCommon.jsm, line 2302: Error: primed listener not re-registered
1631185344437	Marionette	INFO	Stopped listening on port 42979
1631185348673	geckodriver	INFO	Listening on 127.0.0.1:49097
1631185350722	mozrunner::runner	INFO	Running command: "/usr/bin/firefox" "--marionette" "-foreground" "-no-remote" "-profile" "/tmp/rust_mozprofileuO7urW"
JavaScript error: resource://gre/modules/ExtensionContent.jsm, line 567: TypeError: PrecompiledScript.executeInGlobal: Argument 1 is not an object.
JavaScript error: resource://gre/modules/ExtensionContent.jsm, line 567: TypeError: PrecompiledScript.executeInGlobal: Argument 1 is not an object.
JavaScript error: resource://gre/modules/ExtensionContent.jsm, line 567: TypeError: PrecompiledScript.executeInGlobal: Argument 1 is not an object.
JavaScript error: resource://gre/modules/ExtensionContent.jsm, line 567: TypeError: PrecompiledScript.executeInGlobal: Argument 1 is not an object.
1631185352400	Marionette	INFO	Listening on port 36949
1631185352452	Marionette	WARN	TLS certificate errors will be ignored for this session
JavaScript error: resource://gre/modules/ExtensionCommon.jsm, line 2302: Error: primed listener not re-registered
JavaScript error: resource://gre/modules/ExtensionCommon.jsm, line 2302: Error: primed listener not re-registered
JavaScript error: resource://gre/modules/ExtensionCommon.jsm, line 2302: Error: primed listener not re-registered
JavaScript error: resource://gre/modules/ExtensionCommon.jsm, line 2302: Error: primed listener not re-registered
1631185414038	Marionette	INFO	Stopped listening on port 36949
1631185534183	geckodriver	INFO	Listening on 127.0.0.1:47891
1631185536231	mozrunner::runner	INFO	Running command: "/usr/bin/firefox" "--marionette" "-headless" "-foreground" "-no-remote" "-profile" "/tmp/rust_mozprofileNlWdlH"
*** You are running in headless mode.
1631185537565	Marionette	INFO	Listening on port 44465
JavaScript error: resource://gre/modules/ExtensionCommon.jsm, line 2302: Error: primed listener not re-registered
1631185537635	Marionette	WARN	TLS certificate errors will be ignored for this session
Exiting due to channel error.
Exiting due to channel error.
Exiting due to channel error.
Exiting due to channel error.
1631185545896	geckodriver	INFO	Listening on 127.0.0.1:47563
1631185547963	mozrunner::runner	INFO	Running command: "/usr/bin/firefox" "--marionette" "-headless" "-foreground" "-no-remote" "-profile" "/tmp/rust_mozprofilepFqQqF"
*** You are running in headless mode.
1631185549215	Marionette	INFO	Listening on port 46499
1631185549291	Marionette	WARN	TLS certificate errors will be ignored for this session
JavaScript warning: https://accounts.google.com/ServiceLogin?service=mail&passive=true&rm=false&continue=https://mail.google.com/mail/&ss=1&scc=1&ltmpl=default&ltmplcache=2&emr=1&osid=1# line 1 > eval line 7527 > eval, line 1: WebGL warning: <Create>: Can't use WebGL in headless mode (https://bugzil.la/1375585).
JavaScript warning: https://accounts.google.com/ServiceLogin?service=mail&passive=true&rm=false&continue=https://mail.google.com/mail/&ss=1&scc=1&ltmpl=default&ltmplcache=2&emr=1&osid=1# line 1 > eval line 7527 > eval, line 1: Failed to create WebGL context: WebGL creation failed: 
* Can't use WebGL in headless mode (https://bugzil.la/1375585).
JavaScript warning: https://accounts.google.com/ServiceLogin?service=mail&passive=true&rm=false&continue=https://mail.google.com/mail/&ss=1&scc=1&ltmpl=default&ltmplcache=2&emr=1&osid=1# line 1 > eval line 5155 > eval, line 1: WebGL warning: <Create>: Can't use WebGL in headless mode (https://bugzil.la/1375585).
JavaScript warning: https://accounts.google.com/ServiceLogin?service=mail&passive=true&rm=false&continue=https://mail.google.com/mail/&ss=1&scc=1&ltmpl=default&ltmplcache=2&emr=1&osid=1# line 1 > eval line 5155 > eval, line 1: Failed to create WebGL context: WebGL creation failed: 
* Can't use WebGL in headless mode (https://bugzil.la/1375585).
1631185820488	geckodriver	INFO	Listening on 127.0.0.1:33011
1631185822536	mozrunner::runner	INFO	Running command: "/usr/bin/firefox" "--marionette" "-headless" "-foreground" "-no-remote" "-profile" "/tmp/rust_mozprofileNVqGky"
*** You are running in headless mode.
1631185823735	Marionette	INFO	Listening on port 38765
1631185823745	Marionette	WARN	TLS certificate errors will be ignored for this session
JavaScript warning: https://accounts.google.com/ServiceLogin?service=mail&passive=true&rm=false&continue=https://mail.google.com/mail/&ss=1&scc=1&ltmpl=default&ltmplcache=2&emr=1&osid=1# line 1 > eval line 3748 > eval, line 1: WebGL warning: <Create>: Can't use WebGL in headless mode (https://bugzil.la/1375585).
JavaScript warning: https://accounts.google.com/ServiceLogin?service=mail&passive=true&rm=false&continue=https://mail.google.com/mail/&ss=1&scc=1&ltmpl=default&ltmplcache=2&emr=1&osid=1# line 1 > eval line 3748 > eval, line 1: Failed to create WebGL context: WebGL creation failed: 
* Can't use WebGL in headless mode (https://bugzil.la/1375585).
JavaScript warning: https://accounts.google.com/ServiceLogin?service=mail&passive=true&rm=false&continue=https://mail.google.com/mail/&ss=1&scc=1&ltmpl=default&ltmplcache=2&emr=1&osid=1# line 1 > eval line 6161 > eval line 1 > eval, line 1: WebGL warning: <Create>: Can't use WebGL in headless mode (https://bugzil.la/1375585).
JavaScript warning: https://accounts.google.com/ServiceLogin?service=mail&passive=true&rm=false&continue=https://mail.google.com/mail/&ss=1&scc=1&ltmpl=default&ltmplcache=2&emr=1&osid=1# line 1 > eval line 6161 > eval line 1 > eval, line 1: Failed to create WebGL context: WebGL creation failed: 
* Can't use WebGL in headless mode (https://bugzil.la/1375585).
Exiting due to channel error.
Exiting due to channel error.
Exiting due to channel error.
Exiting due to channel error.
Exiting due to channel error.
Exiting due to channel error.
1631283545866	geckodriver	INFO	Listening on 127.0.0.1:35409
1631283548764	mozrunner::runner	INFO	Running command: "/usr/bin/firefox" "--marionette" "-headless" "-foreground" "-no-remote" "-profile" "/tmp/rust_mozprofilebmvdJK"
*** You are running in headless mode.
1631283550086	Marionette	INFO	Listening on port 36135
JavaScript error: resource://gre/modules/ExtensionCommon.jsm, line 2302: Error: primed listener not re-registered
1631283550168	Marionette	WARN	TLS certificate errors will be ignored for this session
JavaScript warning: https://accounts.google.com/ServiceLogin?service=mail&passive=true&rm=false&continue=https://mail.google.com/mail/&ss=1&scc=1&ltmpl=default&ltmplcache=2&emr=1&osid=1# line 1 > eval line 310 > eval line 1 > eval, line 1: WebGL warning: <Create>: Can't use WebGL in headless mode (https://bugzil.la/1375585).
JavaScript warning: https://accounts.google.com/ServiceLogin?service=mail&passive=true&rm=false&continue=https://mail.google.com/mail/&ss=1&scc=1&ltmpl=default&ltmplcache=2&emr=1&osid=1# line 1 > eval line 310 > eval line 1 > eval, line 1: Failed to create WebGL context: WebGL creation failed: 
* Can't use WebGL in headless mode (https://bugzil.la/1375585).
Exiting due to channel error.
Exiting due to channel error.
Exiting due to channel error.
1631358835977	geckodriver	INFO	Listening on 127.0.0.1:37887
1631358839099	mozrunner::runner	INFO	Running command: "/usr/bin/firefox" "--marionette" "-headless" "-foreground" "-no-remote" "-profile" "/tmp/rust_mozprofileG7nVqM"
*** You are running in headless mode.
1631358840923	Marionette	INFO	Listening on port 43251
1631358841017	Marionette	WARN	TLS certificate errors will be ignored for this session
Exiting due to channel error.
Exiting due to channel error.
Exiting due to channel error.
1631439805822	geckodriver	INFO	Listening on 127.0.0.1:45889
1631439808833	mozrunner::runner	INFO	Running command: "/usr/bin/firefox" "--marionette" "-headless" "-foreground" "-no-remote" "-profile" "/tmp/rust_mozprofile5pbvjV"
*** You are running in headless mode.
1631439810173	Marionette	INFO	Listening on port 45601
JavaScript error: resource://gre/modules/ExtensionCommon.jsm, line 2302: Error: primed listener not re-registered
1631439810256	Marionette	WARN	TLS certificate errors will be ignored for this session
JavaScript error: resource://gre/modules/ExtensionCommon.jsm, line 2302: Error: primed listener not re-registered
JavaScript error: resource://gre/modules/ExtensionCommon.jsm, line 2302: Error: primed listener not re-registered
JavaScript warning: https://thepiratebay.org/static/main.js, line 51: unreachable code after return statement
Exiting due to channel error.
Exiting due to channel error.
Exiting due to channel error.
1631532105479	geckodriver	INFO	Listening on 127.0.0.1:37195
1631532108755	mozrunner::runner	INFO	Running command: "/usr/bin/firefox" "--marionette" "-headless" "-foreground" "-no-remote" "-profile" "/tmp/rust_mozprofileWDLVsO"
*** You are running in headless mode.
1631532110505	Marionette	INFO	Listening on port 46341
1631532110574	Marionette	WARN	TLS certificate errors will be ignored for this session
JavaScript warning: https://thepiratebay.org/static/main.js, line 51: unreachable code after return statement
Exiting due to channel error.
1631619218113	geckodriver	INFO	Listening on 127.0.0.1:54817
1631619221460	mozrunner::runner	INFO	Running command: "/usr/bin/firefox" "--marionette" "-headless" "-foreground" "-no-remote" "-profile" "/tmp/rust_mozprofilen74g90"
*** You are running in headless mode.
1631619223337	Marionette	INFO	Listening on port 46557
JavaScript error: resource://gre/modules/ExtensionCommon.jsm, line 2302: Error: primed listener not re-registered
1631619223399	Marionette	WARN	TLS certificate errors will be ignored for this session
JavaScript warning: https://thepiratebay.org/static/main.js, line 51: unreachable code after return statement
1631641252006	geckodriver	INFO	Listening on 127.0.0.1:40649
1631641255437	mozrunner::runner	INFO	Running command: "/usr/bin/firefox" "--marionette" "-headless" "-foreground" "-no-remote" "-profile" "/tmp/rust_mozprofilevlIeq4"
*** You are running in headless mode.
1631641256818	Marionette	INFO	Listening on port 36143
1631641256845	Marionette	WARN	TLS certificate errors will be ignored for this session
JavaScript warning: https://thepiratebay.org/static/main.js, line 51: unreachable code after return statement
1631704616657	geckodriver	INFO	Listening on 127.0.0.1:54983
1631704620021	mozrunner::runner	INFO	Running command: "/usr/bin/firefox" "--marionette" "-headless" "-foreground" "-no-remote" "-profile" "/tmp/rust_mozprofileFCb0Ol"
*** You are running in headless mode.
1631704621437	Marionette	INFO	Listening on port 33091
JavaScript error: resource://gre/modules/ExtensionCommon.jsm, line 2302: Error: primed listener not re-registered
1631704621530	Marionette	WARN	TLS certificate errors will be ignored for this session
Exiting due to channel error.
Exiting due to channel error.
Exiting due to channel error.
1631791140301	geckodriver	INFO	Listening on 127.0.0.1:43109
1631791143584	mozrunner::runner	INFO	Running command: "/usr/bin/firefox" "--marionette" "-headless" "-foreground" "-no-remote" "-profile" "/tmp/rust_mozprofileKDBdsX"
*** You are running in headless mode.
1631791145291	Marionette	INFO	Listening on port 41909
1631791145444	Marionette	WARN	TLS certificate errors will be ignored for this session
JavaScript warning: https://thepiratebay.org/static/main.js, line 51: unreachable code after return statement
Exiting due to channel error.
Exiting due to channel error.
Exiting due to channel error.
1631877492174	geckodriver	INFO	Listening on 127.0.0.1:58249
1631877495567	mozrunner::runner	INFO	Running command: "/usr/bin/firefox" "--marionette" "-headless" "-foreground" "-no-remote" "-profile" "/tmp/rust_mozprofilekKwpG4"
*** You are running in headless mode.
1631877497346	Marionette	INFO	Listening on port 42367
1631877497377	Marionette	WARN	TLS certificate errors will be ignored for this session
JavaScript error: resource://gre/modules/ExtensionCommon.jsm, line 2302: Error: primed listener not re-registered
JavaScript error: resource://pdf.js/PdfStreamConverter.jsm, line 1130: NS_ERROR_FAILURE: Ignore PDF.js for this download.
JavaScript error: resource://pdf.js/PdfStreamConverter.jsm, line 1130: NS_ERROR_FAILURE: Ignore PDF.js for this download.
Exiting due to channel error.
Exiting due to channel error.
Exiting due to channel error.
1631965028047	geckodriver	INFO	Listening on 127.0.0.1:32929
1631965031481	mozrunner::runner	INFO	Running command: "/usr/bin/firefox" "--marionette" "-headless" "-foreground" "-no-remote" "-profile" "/tmp/rust_mozprofile11VRBD"
*** You are running in headless mode.
1631965033212	Marionette	INFO	Listening on port 43007
1631965033286	Marionette	WARN	TLS certificate errors will be ignored for this session
1635199184247	geckodriver	INFO	Listening on 127.0.0.1:39259
1635199187803	mozrunner::runner	INFO	Running command: "/usr/bin/firefox" "--marionette" "-headless" "--remote-debugging-port" "42185" "-no-remote" "-profile" "/tmp/rust_mozprofilem4MIFR"
*** You are running in headless mode.
1635199190165	Marionette	INFO	Listening on port 44909
1635199190240	Marionette	WARN	TLS certificate errors will be ignored for this session
JavaScript error: moz-extension://16c3a734-4579-46d4-a176-9cd62eb19ff0/js/utils.js, line 51: Error: Type error for parameter details (Error processing tabId: Integer -1 is too small (must be at least 0)) for browserAction.setIcon.
JavaScript error: moz-extension://16c3a734-4579-46d4-a176-9cd62eb19ff0/js/utils.js, line 57: Error: Type error for parameter details (Error processing tabId: Integer -1 is too small (must be at least 0)) for browserAction.setBadgeText.
JavaScript error: resource://gre/modules/ExtensionCommon.jsm, line 2302: Error: primed listener not re-registered
JavaScript error: resource://gre/modules/ExtensionCommon.jsm, line 2302: Error: primed listener not re-registered
JavaScript error: https://scrolller.com/images/icons/favicon-200x200.png, line 1: SecurityError: The operation is insecure.
JavaScript error: https://scrolller.com/static/js/main.1f36b37e.chunk.js, line 1: SecurityError: The operation is insecure.
1635199320348	geckodriver	INFO	Listening on 127.0.0.1:60901
1635199323913	mozrunner::runner	INFO	Running command: "/usr/bin/firefox" "--marionette" "-headless" "--remote-debugging-port" "48443" "-no-remote" "-profile" "/tmp/rust_mozprofileVzicbq"
*** You are running in headless mode.
1635199326139	Marionette	INFO	Listening on port 39203
1635199326446	Marionette	WARN	TLS certificate errors will be ignored for this session
JavaScript error: resource://gre/modules/ExtensionCommon.jsm, line 2302: Error: primed listener not re-registered
JavaScript error: https://scrolller.com/images/icons/favicon-200x200.png, line 1: SecurityError: The operation is insecure.
JavaScript error: https://scrolller.com/static/js/main.1f36b37e.chunk.js, line 1: SecurityError: The operation is insecure.
1635199465695	geckodriver	INFO	Listening on 127.0.0.1:41453
1635199465703	mozrunner::runner	INFO	Running command: "/usr/bin/firefox" "--marionette" "--remote-debugging-port" "56883" "-no-remote" "-profile" "/tmp/rust_mozprofileroTueb"
1635199468261	Marionette	INFO	Listening on port 42637
1635199468312	Marionette	WARN	TLS certificate errors will be ignored for this session
1635199479984	Marionette	INFO	Stopped listening on port 42637
1635199635351	geckodriver	INFO	Listening on 127.0.0.1:40975
1635199635356	mozrunner::runner	INFO	Running command: "/usr/bin/firefox" "--marionette" "--remote-debugging-port" "59265" "-no-remote" "-profile" "/tmp/rust_mozprofileyB54tS"
1635199637896	Marionette	INFO	Listening on port 35635
1635199637970	Marionette	WARN	TLS certificate errors will be ignored for this session
1635199649436	Marionette	INFO	Stopped listening on port 35635
1635200158762	geckodriver	INFO	Listening on 127.0.0.1:55535
1635200158770	mozrunner::runner	INFO	Running command: "/usr/bin/firefox" "--marionette" "--headless" "-headless" "--remote-debugging-port" "45909" "-no-remote" "-profile" "/tmp/rust_mozprofileNRgoZ8"
*** You are running in headless mode.
1635200161048	Marionette	INFO	Listening on port 40869
1635200161078	Marionette	WARN	TLS certificate errors will be ignored for this session
1635200639225	geckodriver	INFO	Listening on 127.0.0.1:45249
1635200639234	mozrunner::runner	INFO	Running command: "/usr/bin/firefox" "--marionette" "--headless" "--remote-debugging-port" "49109" "-no-remote" "-profile" "/tmp/rust_mozprofile8p91V4"
*** You are running in headless mode.
1635200641631	Marionette	INFO	Listening on port 44647
1635200641647	Marionette	WARN	TLS certificate errors will be ignored for this session
